[Thu Nov 19 19:58:18.556064 2015] [ssl:warn] [pid 8216:tid 372] AH01909: www.example.com:443:0 server certificate does NOT include an ID which matches the server name
[Thu Nov 19 19:58:19.071695 2015] [ssl:warn] [pid 8216:tid 372] AH01909: www.example.com:443:0 server certificate does NOT include an ID which matches the server name
[Thu Nov 19 19:58:22.384262 2015] [mpm_winnt:notice] [pid 8216:tid 372] AH00455: Apache/2.4.17 (Win32) OpenSSL/1.0.2d PHP/5.6.14 configured -- resuming normal operations
[Thu Nov 19 19:58:22.384262 2015] [mpm_winnt:notice] [pid 8216:tid 372] AH00456: Apache Lounge VC11 Server built: Oct 13 2015 10:54:13
[Thu Nov 19 19:58:22.384262 2015] [core:notice] [pid 8216:tid 372] AH00094: Command line: 'C:\\xampp\\apache\\bin\\httpd.exe -d C:/xampp/apache'
[Thu Nov 19 19:58:22.431120 2015] [mpm_winnt:notice] [pid 8216:tid 372] AH00418: Parent: Created child process 8732
[Thu Nov 19 19:58:23.634264 2015] [ssl:warn] [pid 8732:tid 408] AH01909: www.example.com:443:0 server certificate does NOT include an ID which matches the server name
[Thu Nov 19 19:58:24.009328 2015] [ssl:warn] [pid 8732:tid 408] AH01909: www.example.com:443:0 server certificate does NOT include an ID which matches the server name
[Thu Nov 19 19:58:24.478035 2015] [mpm_winnt:notice] [pid 8732:tid 408] AH00354: Child: Starting 150 worker threads.
[Thu Nov 19 20:01:02.450736 2015] [ssl:warn] [pid 1776:tid 380] AH01909: www.example.com:444:0 server certificate does NOT include an ID which matches the server name
[Thu Nov 19 20:01:02.888296 2015] [core:warn] [pid 1776:tid 380] AH00098: pid file C:/xampp/apache/logs/httpd.pid overwritten -- Unclean shutdown of previous Apache run?
[Thu Nov 19 20:01:03.044491 2015] [ssl:warn] [pid 1776:tid 380] AH01909: www.example.com:444:0 server certificate does NOT include an ID which matches the server name
[Thu Nov 19 20:01:03.091367 2015] [mpm_winnt:notice] [pid 1776:tid 380] AH00455: Apache/2.4.17 (Win32) OpenSSL/1.0.2d PHP/5.6.14 configured -- resuming normal operations
[Thu Nov 19 20:01:03.091367 2015] [mpm_winnt:notice] [pid 1776:tid 380] AH00456: Apache Lounge VC11 Server built: Oct 13 2015 10:54:13
[Thu Nov 19 20:01:03.091367 2015] [core:notice] [pid 1776:tid 380] AH00094: Command line: 'c:\\xampp\\apache\\bin\\httpd.exe -d C:/xampp/apache'
[Thu Nov 19 20:01:03.091367 2015] [mpm_winnt:notice] [pid 1776:tid 380] AH00418: Parent: Created child process 7036
[Thu Nov 19 20:01:04.310136 2015] [ssl:warn] [pid 7036:tid 384] AH01909: www.example.com:444:0 server certificate does NOT include an ID which matches the server name
[Thu Nov 19 20:01:04.810161 2015] [ssl:warn] [pid 7036:tid 384] AH01909: www.example.com:444:0 server certificate does NOT include an ID which matches the server name
[Thu Nov 19 20:01:04.872663 2015] [mpm_winnt:notice] [pid 7036:tid 384] AH00354: Child: Starting 150 worker threads.
[Thu Nov 19 20:45:38.932850 2015] [ssl:warn] [pid 5176:tid 380] AH01909: www.example.com:444:0 server certificate does NOT include an ID which matches the server name
[Thu Nov 19 20:45:39.292287 2015] [core:warn] [pid 5176:tid 380] AH00098: pid file C:/xampp/apache/logs/httpd.pid overwritten -- Unclean shutdown of previous Apache run?
[Thu Nov 19 20:45:39.417235 2015] [ssl:warn] [pid 5176:tid 380] AH01909: www.example.com:444:0 server certificate does NOT include an ID which matches the server name
[Thu Nov 19 20:45:39.510987 2015] [mpm_winnt:notice] [pid 5176:tid 380] AH00455: Apache/2.4.17 (Win32) OpenSSL/1.0.2d PHP/5.6.14 configured -- resuming normal operations
[Thu Nov 19 20:45:39.510987 2015] [mpm_winnt:notice] [pid 5176:tid 380] AH00456: Apache Lounge VC11 Server built: Oct 13 2015 10:54:13
[Thu Nov 19 20:45:39.510987 2015] [core:notice] [pid 5176:tid 380] AH00094: Command line: 'c:\\xampp\\apache\\bin\\httpd.exe -d C:/xampp/apache'
[Thu Nov 19 20:45:39.526610 2015] [mpm_winnt:notice] [pid 5176:tid 380] AH00418: Parent: Created child process 9092
[Thu Nov 19 20:45:40.705259 2015] [ssl:warn] [pid 9092:tid 384] AH01909: www.example.com:444:0 server certificate does NOT include an ID which matches the server name
[Thu Nov 19 20:45:41.509490 2015] [ssl:warn] [pid 9092:tid 384] AH01909: www.example.com:444:0 server certificate does NOT include an ID which matches the server name
[Thu Nov 19 20:45:41.587614 2015] [mpm_winnt:notice] [pid 9092:tid 384] AH00354: Child: Starting 150 worker threads.
[Fri Nov 20 13:41:17.734928 2015] [ssl:warn] [pid 7296:tid 376] AH01909: www.example.com:444:0 server certificate does NOT include an ID which matches the server name
[Fri Nov 20 13:41:17.953662 2015] [core:warn] [pid 7296:tid 376] AH00098: pid file C:/xampp/apache/logs/httpd.pid overwritten -- Unclean shutdown of previous Apache run?
[Fri Nov 20 13:41:18.125537 2015] [ssl:warn] [pid 7296:tid 376] AH01909: www.example.com:444:0 server certificate does NOT include an ID which matches the server name
[Fri Nov 20 13:41:18.422417 2015] [mpm_winnt:notice] [pid 7296:tid 376] AH00455: Apache/2.4.17 (Win32) OpenSSL/1.0.2d PHP/5.6.14 configured -- resuming normal operations
[Fri Nov 20 13:41:18.422417 2015] [mpm_winnt:notice] [pid 7296:tid 376] AH00456: Apache Lounge VC11 Server built: Oct 13 2015 10:54:13
[Fri Nov 20 13:41:18.422417 2015] [core:notice] [pid 7296:tid 376] AH00094: Command line: 'c:\\xampp\\apache\\bin\\httpd.exe -d C:/xampp/apache'
[Fri Nov 20 13:41:18.547420 2015] [mpm_winnt:notice] [pid 7296:tid 376] AH00418: Parent: Created child process 7208
[Fri Nov 20 13:41:19.658226 2015] [ssl:warn] [pid 7208:tid 384] AH01909: www.example.com:444:0 server certificate does NOT include an ID which matches the server name
[Fri Nov 20 13:41:19.908227 2015] [ssl:warn] [pid 7208:tid 384] AH01909: www.example.com:444:0 server certificate does NOT include an ID which matches the server name
[Fri Nov 20 13:41:20.267617 2015] [mpm_winnt:notice] [pid 7208:tid 384] AH00354: Child: Starting 150 worker threads.
[Sat Nov 21 21:41:50.548850 2015] [ssl:warn] [pid 5672:tid 384] AH01909: www.example.com:444:0 server certificate does NOT include an ID which matches the server name
[Sat Nov 21 21:41:50.814478 2015] [core:warn] [pid 5672:tid 384] AH00098: pid file C:/xampp/apache/logs/httpd.pid overwritten -- Unclean shutdown of previous Apache run?
[Sat Nov 21 21:41:50.955103 2015] [ssl:warn] [pid 5672:tid 384] AH01909: www.example.com:444:0 server certificate does NOT include an ID which matches the server name
[Sat Nov 21 21:41:54.939521 2015] [mpm_winnt:notice] [pid 5672:tid 384] AH00455: Apache/2.4.17 (Win32) OpenSSL/1.0.2d PHP/5.6.14 configured -- resuming normal operations
[Sat Nov 21 21:41:54.939521 2015] [mpm_winnt:notice] [pid 5672:tid 384] AH00456: Apache Lounge VC11 Server built: Oct 13 2015 10:54:13
[Sat Nov 21 21:41:54.939521 2015] [core:notice] [pid 5672:tid 384] AH00094: Command line: 'c:\\xampp\\apache\\bin\\httpd.exe -d C:/xampp/apache'
[Sat Nov 21 21:41:54.955149 2015] [mpm_winnt:notice] [pid 5672:tid 384] AH00418: Parent: Created child process 4208
[Sat Nov 21 21:41:55.705154 2015] [ssl:warn] [pid 4208:tid 388] AH01909: www.example.com:444:0 server certificate does NOT include an ID which matches the server name
[Sat Nov 21 21:41:56.173909 2015] [ssl:warn] [pid 4208:tid 388] AH01909: www.example.com:444:0 server certificate does NOT include an ID which matches the server name
[Sat Nov 21 21:41:56.330163 2015] [mpm_winnt:notice] [pid 4208:tid 388] AH00354: Child: Starting 150 worker threads.
[Sat Nov 21 21:56:21.353626 2015] [core:error] [pid 4208:tid 1704] (20024)The given path is misformatted or contained invalid characters: [client ::1:49685] AH00127: Cannot map GET /dbmsproj/%3Cbr%20/%3E%3Cb%3ENotice%3C/b%3E:%20%20Undefined%20variable:%20_server%20in%20%3Cb%3EC:/xampp/htdocs/Dbmsproj/view1.php%3C/b%3E%20on%20line%20%3Cb%3E9%3C/b%3E%3Cbr%20/%3E%20method=?voter_id=12345&dobb=&validate_id=Continue+To+View HTTP/1.1 to file, referer: http://localhost:82/dbmsproj/view1.php
[Sat Nov 21 21:56:31.169838 2015] [core:error] [pid 4208:tid 1720] (20024)The given path is misformatted or contained invalid characters: [client ::1:49715] AH00127: Cannot map GET /dbmsproj/%3Cbr%20/%3E%3Cb%3ENotice%3C/b%3E:%20%20Undefined%20variable:%20_server%20in%20%3Cb%3EC:/xampp/htdocs/Dbmsproj/view1.php%3C/b%3E%20on%20line%20%3Cb%3E9%3C/b%3E%3Cbr%20/%3E%20method=?voter_id=1234&dobb=&validate_id=Continue+To+View HTTP/1.1 to file, referer: http://localhost:82/dbmsproj/view1.php
[Sat Nov 21 21:56:35.538924 2015] [core:error] [pid 4208:tid 1720] (20024)The given path is misformatted or contained invalid characters: [client ::1:49715] AH00127: Cannot map GET /dbmsproj/%3Cbr%20/%3E%3Cb%3ENotice%3C/b%3E:%20%20Undefined%20variable:%20_server%20in%20%3Cb%3EC:/xampp/htdocs/Dbmsproj/view1.php%3C/b%3E%20on%20line%20%3Cb%3E9%3C/b%3E%3Cbr%20/%3E%20method=?voter_id=1234&dobb=12345&validate_id=Continue+To+View HTTP/1.1 to file, referer: http://localhost:82/dbmsproj/view1.php
[Sat Nov 21 22:00:34.590074 2015] [core:error] [pid 4208:tid 1696] (20024)The given path is misformatted or contained invalid characters: [client ::1:49845] AH00127: Cannot map GET /dbmsproj/%3Cbr%20/%3E%3Cb%3ENotice%3C/b%3E:%20%20Undefined%20variable:%20_server%20in%20%3Cb%3EC:/xampp/htdocs/Dbmsproj/view1.php%3C/b%3E%20on%20line%20%3Cb%3E9%3C/b%3E%3Cbr%20/%3E%20method=?voter_id=1234&dobb=&validate_id=Continue+To+View HTTP/1.1 to file, referer: http://localhost:82/dbmsproj/view1.php
[Sun Nov 22 13:44:30.742164 2015] [ssl:warn] [pid 5376:tid 388] AH01909: www.example.com:444:0 server certificate does NOT include an ID which matches the server name
[Sun Nov 22 13:44:30.940628 2015] [core:warn] [pid 5376:tid 388] AH00098: pid file C:/xampp/apache/logs/httpd.pid overwritten -- Unclean shutdown of previous Apache run?
[Sun Nov 22 13:44:31.112762 2015] [ssl:warn] [pid 5376:tid 388] AH01909: www.example.com:444:0 server certificate does NOT include an ID which matches the server name
[Sun Nov 22 13:44:31.184801 2015] [mpm_winnt:notice] [pid 5376:tid 388] AH00455: Apache/2.4.17 (Win32) OpenSSL/1.0.2d PHP/5.6.14 configured -- resuming normal operations
[Sun Nov 22 13:44:31.184801 2015] [mpm_winnt:notice] [pid 5376:tid 388] AH00456: Apache Lounge VC11 Server built: Oct 13 2015 10:54:13
[Sun Nov 22 13:44:31.184801 2015] [core:notice] [pid 5376:tid 388] AH00094: Command line: 'c:\\xampp\\apache\\bin\\httpd.exe -d C:/xampp/apache'
[Sun Nov 22 13:44:31.209822 2015] [mpm_winnt:notice] [pid 5376:tid 388] AH00418: Parent: Created child process 5968
[Sun Nov 22 13:44:32.490000 2015] [ssl:warn] [pid 5968:tid 388] AH01909: www.example.com:444:0 server certificate does NOT include an ID which matches the server name
[Sun Nov 22 13:44:32.906314 2015] [ssl:warn] [pid 5968:tid 388] AH01909: www.example.com:444:0 server certificate does NOT include an ID which matches the server name
[Sun Nov 22 13:44:33.020180 2015] [mpm_winnt:notice] [pid 5968:tid 388] AH00354: Child: Starting 150 worker threads.
[Sun Nov 22 13:56:08.690921 2015] [:error] [pid 5968:tid 1728] [client ::1:50955] script 'C:/xampp/htdocs/Dbmsproj/view.php' not found or unable to stat, referer: http://localhost:82/dbmsproj/frst.html
[Sun Nov 22 13:56:13.286145 2015] [:error] [pid 5968:tid 1728] [client ::1:50955] script 'C:/xampp/htdocs/Dbmsproj/view.php' not found or unable to stat, referer: http://localhost:82/dbmsproj/frst.html
[Sun Nov 22 14:23:35.995875 2015] [:error] [pid 5968:tid 1700] [client ::1:51147] script 'C:/xampp/htdocs/Dbmsproj/view1.php view.php' not found or unable to stat, referer: http://localhost:82/dbmsproj/view1.php
[Sun Nov 22 14:23:54.186568 2015] [:error] [pid 5968:tid 1700] [client ::1:51175] script 'C:/xampp/htdocs/Dbmsproj/view1.php view.php' not found or unable to stat, referer: http://localhost:82/dbmsproj/view1.php
[Sun Nov 22 14:23:58.036781 2015] [:error] [pid 5968:tid 1700] [client ::1:51175] script 'C:/xampp/htdocs/Dbmsproj/view1.php view.php' not found or unable to stat, referer: http://localhost:82/dbmsproj/view1.php
[Sun Nov 22 14:24:11.998636 2015] [:error] [pid 5968:tid 1692] [client ::1:51182] script 'C:/xampp/htdocs/Dbmsproj/view1.php view.php' not found or unable to stat, referer: http://localhost:82/dbmsproj/view1.php
[Sun Nov 22 14:25:31.475152 2015] [:error] [pid 5968:tid 1708] [client ::1:51210] script 'C:/xampp/htdocs/Dbmsproj/view1.php view.php' not found or unable to stat, referer: http://localhost:82/dbmsproj/view1.php
[Sun Nov 22 16:36:25.197553 2015] [ssl:warn] [pid 6788:tid 380] AH01909: www.example.com:444:0 server certificate does NOT include an ID which matches the server name
[Sun Nov 22 16:36:25.385091 2015] [core:warn] [pid 6788:tid 380] AH00098: pid file C:/xampp/apache/logs/httpd.pid overwritten -- Unclean shutdown of previous Apache run?
[Sun Nov 22 16:36:25.572536 2015] [ssl:warn] [pid 6788:tid 380] AH01909: www.example.com:444:0 server certificate does NOT include an ID which matches the server name
[Sun Nov 22 16:36:26.166313 2015] [mpm_winnt:notice] [pid 6788:tid 380] AH00455: Apache/2.4.17 (Win32) OpenSSL/1.0.2d PHP/5.6.14 configured -- resuming normal operations
[Sun Nov 22 16:36:26.166313 2015] [mpm_winnt:notice] [pid 6788:tid 380] AH00456: Apache Lounge VC11 Server built: Oct 13 2015 10:54:13
[Sun Nov 22 16:36:26.166313 2015] [core:notice] [pid 6788:tid 380] AH00094: Command line: 'c:\\xampp\\apache\\bin\\httpd.exe -d C:/xampp/apache'
[Sun Nov 22 16:36:26.166313 2015] [mpm_winnt:notice] [pid 6788:tid 380] AH00418: Parent: Created child process 604
[Sun Nov 22 16:36:26.994430 2015] [ssl:warn] [pid 604:tid 384] AH01909: www.example.com:444:0 server certificate does NOT include an ID which matches the server name
[Sun Nov 22 16:36:27.416309 2015] [ssl:warn] [pid 604:tid 384] AH01909: www.example.com:444:0 server certificate does NOT include an ID which matches the server name
[Sun Nov 22 16:36:27.635063 2015] [mpm_winnt:notice] [pid 604:tid 384] AH00354: Child: Starting 150 worker threads.
[Sun Nov 22 16:44:17.099861 2015] [core:error] [pid 604:tid 1696] (20024)The given path is misformatted or contained invalid characters: [client ::1:52672] AH00127: Cannot map GET /dbmsproj/%3Cbr%20/%3E%3Cb%3ENotice%3C/b%3E:%20%20Undefined%20variable:%20rowi%20in%20%3Cb%3EC:/xampp/htdocs/Dbmsproj/view1.php%3C/b%3E%20on%20line%20%3Cb%3E91%3C/b%3E%3Cbr%20/%3E HTTP/1.1 to file, referer: http://localhost:82/dbmsproj/view1.php
[Sun Nov 22 16:44:44.805196 2015] [core:error] [pid 604:tid 1696] (20024)The given path is misformatted or contained invalid characters: [client ::1:52673] AH00127: Cannot map GET /dbmsproj/%3Cbr%20/%3E%3Cb%3ENotice%3C/b%3E:%20%20Undefined%20variable:%20rowi%20in%20%3Cb%3EC:/xampp/htdocs/Dbmsproj/view1.php%3C/b%3E%20on%20line%20%3Cb%3E91%3C/b%3E%3Cbr%20/%3E HTTP/1.1 to file, referer: http://localhost:82/dbmsproj/view1.php
[Sun Nov 22 16:44:46.732440 2015] [core:error] [pid 604:tid 1696] (20024)The given path is misformatted or contained invalid characters: [client ::1:52673] AH00127: Cannot map GET /dbmsproj/%3Cbr%20/%3E%3Cb%3ENotice%3C/b%3E:%20%20Undefined%20variable:%20rowi%20in%20%3Cb%3EC:/xampp/htdocs/Dbmsproj/view1.php%3C/b%3E%20on%20line%20%3Cb%3E91%3C/b%3E%3Cbr%20/%3E HTTP/1.1 to file, referer: http://localhost:82/dbmsproj/view1.php
[Sun Nov 22 16:44:47.044311 2015] [core:error] [pid 604:tid 1696] (20024)The given path is misformatted or contained invalid characters: [client ::1:52673] AH00127: Cannot map GET /dbmsproj/%3Cbr%20/%3E%3Cb%3ENotice%3C/b%3E:%20%20Undefined%20variable:%20rowi%20in%20%3Cb%3EC:/xampp/htdocs/Dbmsproj/view1.php%3C/b%3E%20on%20line%20%3Cb%3E91%3C/b%3E%3Cbr%20/%3E HTTP/1.1 to file, referer: http://localhost:82/dbmsproj/view1.php
[Sun Nov 22 16:44:47.188325 2015] [core:error] [pid 604:tid 1728] (20024)The given path is misformatted or contained invalid characters: [client ::1:52674] AH00127: Cannot map GET /dbmsproj/%3Cbr%20/%3E%3Cb%3ENotice%3C/b%3E:%20%20Undefined%20variable:%20rowi%20in%20%3Cb%3EC:/xampp/htdocs/Dbmsproj/view1.php%3C/b%3E%20on%20line%20%3Cb%3E91%3C/b%3E%3Cbr%20/%3E HTTP/1.1 to file, referer: http://localhost:82/dbmsproj/view1.php
[Sun Nov 22 16:44:47.244325 2015] [core:error] [pid 604:tid 1728] (20024)The given path is misformatted or contained invalid characters: [client ::1:52674] AH00127: Cannot map GET /dbmsproj/%3Cbr%20/%3E%3Cb%3ENotice%3C/b%3E:%20%20Undefined%20variable:%20rowi%20in%20%3Cb%3EC:/xampp/htdocs/Dbmsproj/view1.php%3C/b%3E%20on%20line%20%3Cb%3E91%3C/b%3E%3Cbr%20/%3E HTTP/1.1 to file, referer: http://localhost:82/dbmsproj/view1.php
[Sun Nov 22 16:44:47.449577 2015] [core:error] [pid 604:tid 1728] (20024)The given path is misformatted or contained invalid characters: [client ::1:52674] AH00127: Cannot map GET /dbmsproj/%3Cbr%20/%3E%3Cb%3ENotice%3C/b%3E:%20%20Undefined%20variable:%20rowi%20in%20%3Cb%3EC:/xampp/htdocs/Dbmsproj/view1.php%3C/b%3E%20on%20line%20%3Cb%3E91%3C/b%3E%3Cbr%20/%3E HTTP/1.1 to file, referer: http://localhost:82/dbmsproj/view1.php
[Sun Nov 22 16:45:15.136608 2015] [core:error] [pid 604:tid 1728] (20024)The given path is misformatted or contained invalid characters: [client ::1:52675] AH00127: Cannot map GET /dbmsproj/%3Cbr%20/%3E%3Cb%3ENotice%3C/b%3E:%20%20Undefined%20variable:%20rowi%20in%20%3Cb%3EC:/xampp/htdocs/Dbmsproj/view1.php%3C/b%3E%20on%20line%20%3Cb%3E91%3C/b%3E%3Cbr%20/%3E HTTP/1.1 to file, referer: http://localhost:82/dbmsproj/view1.php
[Sun Nov 22 16:45:15.657427 2015] [core:error] [pid 604:tid 1728] (20024)The given path is misformatted or contained invalid characters: [client ::1:52675] AH00127: Cannot map GET /dbmsproj/%3Cbr%20/%3E%3Cb%3ENotice%3C/b%3E:%20%20Undefined%20variable:%20rowi%20in%20%3Cb%3EC:/xampp/htdocs/Dbmsproj/view1.php%3C/b%3E%20on%20line%20%3Cb%3E91%3C/b%3E%3Cbr%20/%3E HTTP/1.1 to file, referer: http://localhost:82/dbmsproj/view1.php
[Sun Nov 22 16:46:49.527420 2015] [core:error] [pid 604:tid 1728] (20024)The given path is misformatted or contained invalid characters: [client ::1:52691] AH00127: Cannot map GET /dbmsproj/%3Cbr%20/%3E%3Cb%3ENotice%3C/b%3E:%20%20Undefined%20variable:%20rowi%20in%20%3Cb%3EC:/xampp/htdocs/Dbmsproj/view1.php%3C/b%3E%20on%20line%20%3Cb%3E91%3C/b%3E%3Cbr%20/%3E HTTP/1.1 to file, referer: http://localhost:82/dbmsproj/view1.php
[Sun Nov 22 16:49:39.253554 2015] [core:error] [pid 604:tid 1696] (20024)The given path is misformatted or contained invalid characters: [client ::1:52707] AH00127: Cannot map GET /dbmsproj/%3Cbr%20/%3E%3Cb%3ENotice%3C/b%3E:%20%20Undefined%20variable:%20rowi%20in%20%3Cb%3EC:/xampp/htdocs/Dbmsproj/view1.php%3C/b%3E%20on%20line%20%3Cb%3E91%3C/b%3E%3Cbr%20/%3E HTTP/1.1 to file, referer: http://localhost:82/dbmsproj/view1.php
[Sun Nov 22 16:49:42.130067 2015] [core:error] [pid 604:tid 1696] (20024)The given path is misformatted or contained invalid characters: [client ::1:52707] AH00127: Cannot map GET /dbmsproj/%3Cbr%20/%3E%3Cb%3ENotice%3C/b%3E:%20%20Undefined%20variable:%20rowi%20in%20%3Cb%3EC:/xampp/htdocs/Dbmsproj/view1.php%3C/b%3E%20on%20line%20%3Cb%3E91%3C/b%3E%3Cbr%20/%3E HTTP/1.1 to file, referer: http://localhost:82/dbmsproj/view1.php
[Sun Nov 22 16:53:36.890195 2015] [core:error] [pid 604:tid 1696] (20024)The given path is misformatted or contained invalid characters: [client ::1:52777] AH00127: Cannot map GET /dbmsproj/%3Cbr%20/%3E%3Cb%3ENotice%3C/b%3E:%20%20Undefined%20variable:%20rowi%20in%20%3Cb%3EC:/xampp/htdocs/Dbmsproj/view1.php%3C/b%3E%20on%20line%20%3Cb%3E91%3C/b%3E%3Cbr%20/%3E HTTP/1.1 to file, referer: http://localhost:82/dbmsproj/view1.php
[Sun Nov 22 16:53:54.356594 2015] [core:error] [pid 604:tid 1728] (20024)The given path is misformatted or contained invalid characters: [client ::1:52781] AH00127: Cannot map GET /dbmsproj/%3Cbr%20/%3E%3Cb%3ENotice%3C/b%3E:%20%20Undefined%20variable:%20rowi%20in%20%3Cb%3EC:/xampp/htdocs/Dbmsproj/view1.php%3C/b%3E%20on%20line%20%3Cb%3E91%3C/b%3E%3Cbr%20/%3E HTTP/1.1 to file, referer: http://localhost:82/dbmsproj/view1.php
[Sun Nov 22 16:54:17.756649 2015] [core:error] [pid 604:tid 1728] (20024)The given path is misformatted or contained invalid characters: [client ::1:52783] AH00127: Cannot map GET /dbmsproj/%3Cbr%20/%3E%3Cb%3ENotice%3C/b%3E:%20%20Undefined%20variable:%20rowi%20in%20%3Cb%3EC:/xampp/htdocs/Dbmsproj/view1.php%3C/b%3E%20on%20line%20%3Cb%3E91%3C/b%3E%3Cbr%20/%3E HTTP/1.1 to file, referer: http://localhost:82/dbmsproj/view1.php
[Sun Nov 22 16:54:18.398838 2015] [core:error] [pid 604:tid 1728] (20024)The given path is misformatted or contained invalid characters: [client ::1:52783] AH00127: Cannot map GET /dbmsproj/%3Cbr%20/%3E%3Cb%3ENotice%3C/b%3E:%20%20Undefined%20variable:%20rowi%20in%20%3Cb%3EC:/xampp/htdocs/Dbmsproj/view1.php%3C/b%3E%20on%20line%20%3Cb%3E91%3C/b%3E%3Cbr%20/%3E HTTP/1.1 to file, referer: http://localhost:82/dbmsproj/view1.php
[Sun Nov 22 16:54:28.670924 2015] [core:error] [pid 604:tid 1728] (20024)The given path is misformatted or contained invalid characters: [client ::1:52786] AH00127: Cannot map GET /dbmsproj/%3Cbr%20/%3E%3Cb%3ENotice%3C/b%3E:%20%20Undefined%20variable:%20rowi%20in%20%3Cb%3EC:/xampp/htdocs/Dbmsproj/view1.php%3C/b%3E%20on%20line%20%3Cb%3E91%3C/b%3E%3Cbr%20/%3E HTTP/1.1 to file, referer: http://localhost:82/dbmsproj/view1.php
[Sun Nov 22 16:54:35.099864 2015] [core:error] [pid 604:tid 1696] (20024)The given path is misformatted or contained invalid characters: [client ::1:52787] AH00127: Cannot map GET /dbmsproj/%3Cbr%20/%3E%3Cb%3ENotice%3C/b%3E:%20%20Undefined%20variable:%20rowi%20in%20%3Cb%3EC:/xampp/htdocs/Dbmsproj/view1.php%3C/b%3E%20on%20line%20%3Cb%3E91%3C/b%3E%3Cbr%20/%3E HTTP/1.1 to file, referer: http://localhost:82/dbmsproj/view1.php
[Sun Nov 22 16:55:38.000507 2015] [core:error] [pid 604:tid 1728] (20024)The given path is misformatted or contained invalid characters: [client ::1:52791] AH00127: Cannot map GET /dbmsproj/%3Cbr%20/%3E%3Cb%3ENotice%3C/b%3E:%20%20Undefined%20variable:%20rowi%20in%20%3Cb%3EC:/xampp/htdocs/Dbmsproj/view1.php%3C/b%3E%20on%20line%20%3Cb%3E91%3C/b%3E%3Cbr%20/%3E HTTP/1.1 to file, referer: http://localhost:82/dbmsproj/view1.php
[Sun Nov 22 16:57:39.608780 2015] [core:error] [pid 604:tid 1728] (20024)The given path is misformatted or contained invalid characters: [client ::1:52793] AH00127: Cannot map GET /dbmsproj/%3Cbr%20/%3E%3Cb%3ENotice%3C/b%3E:%20%20Undefined%20variable:%20row%20in%20%3Cb%3EC:/xampp/htdocs/Dbmsproj/view1.php%3C/b%3E%20on%20line%20%3Cb%3E91%3C/b%3E%3Cbr%20/%3E HTTP/1.1 to file, referer: http://localhost:82/dbmsproj/view1.php
[Sun Nov 22 16:57:40.338648 2015] [core:error] [pid 604:tid 1728] (20024)The given path is misformatted or contained invalid characters: [client ::1:52793] AH00127: Cannot map GET /dbmsproj/%3Cbr%20/%3E%3Cb%3ENotice%3C/b%3E:%20%20Undefined%20variable:%20row%20in%20%3Cb%3EC:/xampp/htdocs/Dbmsproj/view1.php%3C/b%3E%20on%20line%20%3Cb%3E91%3C/b%3E%3Cbr%20/%3E HTTP/1.1 to file, referer: http://localhost:82/dbmsproj/view1.php
[Sun Nov 22 16:57:40.885996 2015] [core:error] [pid 604:tid 1708] (20024)The given path is misformatted or contained invalid characters: [client ::1:52794] AH00127: Cannot map GET /dbmsproj/%3Cbr%20/%3E%3Cb%3ENotice%3C/b%3E:%20%20Undefined%20variable:%20row%20in%20%3Cb%3EC:/xampp/htdocs/Dbmsproj/view1.php%3C/b%3E%20on%20line%20%3Cb%3E91%3C/b%3E%3Cbr%20/%3E HTTP/1.1 to file, referer: http://localhost:82/dbmsproj/view1.php
[Sun Nov 22 16:57:41.046008 2015] [core:error] [pid 604:tid 1708] (20024)The given path is misformatted or contained invalid characters: [client ::1:52794] AH00127: Cannot map GET /dbmsproj/%3Cbr%20/%3E%3Cb%3ENotice%3C/b%3E:%20%20Undefined%20variable:%20row%20in%20%3Cb%3EC:/xampp/htdocs/Dbmsproj/view1.php%3C/b%3E%20on%20line%20%3Cb%3E91%3C/b%3E%3Cbr%20/%3E HTTP/1.1 to file, referer: http://localhost:82/dbmsproj/view1.php
[Sun Nov 22 16:57:41.146024 2015] [core:error] [pid 604:tid 1708] (20024)The given path is misformatted or contained invalid characters: [client ::1:52794] AH00127: Cannot map GET /dbmsproj/%3Cbr%20/%3E%3Cb%3ENotice%3C/b%3E:%20%20Undefined%20variable:%20row%20in%20%3Cb%3EC:/xampp/htdocs/Dbmsproj/view1.php%3C/b%3E%20on%20line%20%3Cb%3E91%3C/b%3E%3Cbr%20/%3E HTTP/1.1 to file, referer: http://localhost:82/dbmsproj/view1.php
[Sun Nov 22 16:57:41.299280 2015] [core:error] [pid 604:tid 1708] (20024)The given path is misformatted or contained invalid characters: [client ::1:52794] AH00127: Cannot map GET /dbmsproj/%3Cbr%20/%3E%3Cb%3ENotice%3C/b%3E:%20%20Undefined%20variable:%20row%20in%20%3Cb%3EC:/xampp/htdocs/Dbmsproj/view1.php%3C/b%3E%20on%20line%20%3Cb%3E91%3C/b%3E%3Cbr%20/%3E HTTP/1.1 to file, referer: http://localhost:82/dbmsproj/view1.php
[Sun Nov 22 16:57:41.652932 2015] [core:error] [pid 604:tid 1708] (20024)The given path is misformatted or contained invalid characters: [client ::1:52794] AH00127: Cannot map GET /dbmsproj/%3Cbr%20/%3E%3Cb%3ENotice%3C/b%3E:%20%20Undefined%20variable:%20row%20in%20%3Cb%3EC:/xampp/htdocs/Dbmsproj/view1.php%3C/b%3E%20on%20line%20%3Cb%3E91%3C/b%3E%3Cbr%20/%3E HTTP/1.1 to file, referer: http://localhost:82/dbmsproj/view1.php
[Sun Nov 22 16:57:41.985346 2015] [core:error] [pid 604:tid 1708] (20024)The given path is misformatted or contained invalid characters: [client ::1:52794] AH00127: Cannot map GET /dbmsproj/%3Cbr%20/%3E%3Cb%3ENotice%3C/b%3E:%20%20Undefined%20variable:%20row%20in%20%3Cb%3EC:/xampp/htdocs/Dbmsproj/view1.php%3C/b%3E%20on%20line%20%3Cb%3E91%3C/b%3E%3Cbr%20/%3E HTTP/1.1 to file, referer: http://localhost:82/dbmsproj/view1.php
[Sun Nov 22 16:57:42.101351 2015] [core:error] [pid 604:tid 1696] (20024)The given path is misformatted or contained invalid characters: [client ::1:52795] AH00127: Cannot map GET /dbmsproj/%3Cbr%20/%3E%3Cb%3ENotice%3C/b%3E:%20%20Undefined%20variable:%20row%20in%20%3Cb%3EC:/xampp/htdocs/Dbmsproj/view1.php%3C/b%3E%20on%20line%20%3Cb%3E91%3C/b%3E%3Cbr%20/%3E HTTP/1.1 to file, referer: http://localhost:82/dbmsproj/view1.php
[Sun Nov 22 16:57:42.866260 2015] [core:error] [pid 604:tid 1696] (20024)The given path is misformatted or contained invalid characters: [client ::1:52797] AH00127: Cannot map GET /dbmsproj/%3Cbr%20/%3E%3Cb%3ENotice%3C/b%3E:%20%20Undefined%20variable:%20row%20in%20%3Cb%3EC:/xampp/htdocs/Dbmsproj/view1.php%3C/b%3E%20on%20line%20%3Cb%3E91%3C/b%3E%3Cbr%20/%3E HTTP/1.1 to file, referer: http://localhost:82/dbmsproj/view1.php
[Sun Nov 22 16:57:43.112476 2015] [core:error] [pid 604:tid 1696] (20024)The given path is misformatted or contained invalid characters: [client ::1:52797] AH00127: Cannot map GET /dbmsproj/%3Cbr%20/%3E%3Cb%3ENotice%3C/b%3E:%20%20Undefined%20variable:%20row%20in%20%3Cb%3EC:/xampp/htdocs/Dbmsproj/view1.php%3C/b%3E%20on%20line%20%3Cb%3E91%3C/b%3E%3Cbr%20/%3E HTTP/1.1 to file, referer: http://localhost:82/dbmsproj/view1.php
[Sun Nov 22 16:57:43.358132 2015] [core:error] [pid 604:tid 1696] (20024)The given path is misformatted or contained invalid characters: [client ::1:52797] AH00127: Cannot map GET /dbmsproj/%3Cbr%20/%3E%3Cb%3ENotice%3C/b%3E:%20%20Undefined%20variable:%20row%20in%20%3Cb%3EC:/xampp/htdocs/Dbmsproj/view1.php%3C/b%3E%20on%20line%20%3Cb%3E91%3C/b%3E%3Cbr%20/%3E HTTP/1.1 to file, referer: http://localhost:82/dbmsproj/view1.php
[Sun Nov 22 16:57:44.011002 2015] [core:error] [pid 604:tid 1692] (20024)The given path is misformatted or contained invalid characters: [client ::1:52799] AH00127: Cannot map GET /dbmsproj/%3Cbr%20/%3E%3Cb%3ENotice%3C/b%3E:%20%20Undefined%20variable:%20row%20in%20%3Cb%3EC:/xampp/htdocs/Dbmsproj/view1.php%3C/b%3E%20on%20line%20%3Cb%3E91%3C/b%3E%3Cbr%20/%3E HTTP/1.1 to file, referer: http://localhost:82/dbmsproj/view1.php
[Sun Nov 22 16:57:44.272037 2015] [core:error] [pid 604:tid 1692] (20024)The given path is misformatted or contained invalid characters: [client ::1:52799] AH00127: Cannot map GET /dbmsproj/%3Cbr%20/%3E%3Cb%3ENotice%3C/b%3E:%20%20Undefined%20variable:%20row%20in%20%3Cb%3EC:/xampp/htdocs/Dbmsproj/view1.php%3C/b%3E%20on%20line%20%3Cb%3E91%3C/b%3E%3Cbr%20/%3E HTTP/1.1 to file, referer: http://localhost:82/dbmsproj/view1.php
[Sun Nov 22 16:57:44.492051 2015] [core:error] [pid 604:tid 1692] (20024)The given path is misformatted or contained invalid characters: [client ::1:52799] AH00127: Cannot map GET /dbmsproj/%3Cbr%20/%3E%3Cb%3ENotice%3C/b%3E:%20%20Undefined%20variable:%20row%20in%20%3Cb%3EC:/xampp/htdocs/Dbmsproj/view1.php%3C/b%3E%20on%20line%20%3Cb%3E91%3C/b%3E%3Cbr%20/%3E HTTP/1.1 to file, referer: http://localhost:82/dbmsproj/view1.php
[Sun Nov 22 16:59:01.946269 2015] [core:error] [pid 604:tid 1692] (20024)The given path is misformatted or contained invalid characters: [client ::1:52803] AH00127: Cannot map GET /dbmsproj/%3Cbr%20/%3E%3Cb%3ENotice%3C/b%3E:%20%20Undefined%20variable:%20row%20in%20%3Cb%3EC:/xampp/htdocs/Dbmsproj/view1.php%3C/b%3E%20on%20line%20%3Cb%3E91%3C/b%3E%3Cbr%20/%3E HTTP/1.1 to file, referer: http://localhost:82/dbmsproj/view1.php
[Sun Nov 22 16:59:58.599419 2015] [core:error] [pid 604:tid 1692] (20024)The given path is misformatted or contained invalid characters: [client ::1:52804] AH00127: Cannot map GET /dbmsproj/%3Cbr%20/%3E%3Cb%3ENotice%3C/b%3E:%20%20Undefined%20variable:%20row%20in%20%3Cb%3EC:/xampp/htdocs/Dbmsproj/view1.php%3C/b%3E%20on%20line%20%3Cb%3E91%3C/b%3E%3Cbr%20/%3E HTTP/1.1 to file, referer: http://localhost:82/dbmsproj/view1.php
[Sun Nov 22 16:59:59.229231 2015] [core:error] [pid 604:tid 1692] (20024)The given path is misformatted or contained invalid characters: [client ::1:52804] AH00127: Cannot map GET /dbmsproj/%3Cbr%20/%3E%3Cb%3ENotice%3C/b%3E:%20%20Undefined%20variable:%20row%20in%20%3Cb%3EC:/xampp/htdocs/Dbmsproj/view1.php%3C/b%3E%20on%20line%20%3Cb%3E91%3C/b%3E%3Cbr%20/%3E HTTP/1.1 to file, referer: http://localhost:82/dbmsproj/view1.php
[Sun Nov 22 16:59:59.935510 2015] [core:error] [pid 604:tid 1696] (20024)The given path is misformatted or contained invalid characters: [client ::1:52805] AH00127: Cannot map GET /dbmsproj/%3Cbr%20/%3E%3Cb%3ENotice%3C/b%3E:%20%20Undefined%20variable:%20row%20in%20%3Cb%3EC:/xampp/htdocs/Dbmsproj/view1.php%3C/b%3E%20on%20line%20%3Cb%3E91%3C/b%3E%3Cbr%20/%3E HTTP/1.1 to file, referer: http://localhost:82/dbmsproj/view1.php
[Sun Nov 22 17:00:00.015517 2015] [core:error] [pid 604:tid 1696] (20024)The given path is misformatted or contained invalid characters: [client ::1:52805] AH00127: Cannot map GET /dbmsproj/%3Cbr%20/%3E%3Cb%3ENotice%3C/b%3E:%20%20Undefined%20variable:%20row%20in%20%3Cb%3EC:/xampp/htdocs/Dbmsproj/view1.php%3C/b%3E%20on%20line%20%3Cb%3E91%3C/b%3E%3Cbr%20/%3E HTTP/1.1 to file, referer: http://localhost:82/dbmsproj/view1.php
[Sun Nov 22 17:00:00.417025 2015] [core:error] [pid 604:tid 1696] (20024)The given path is misformatted or contained invalid characters: [client ::1:52805] AH00127: Cannot map GET /dbmsproj/%3Cbr%20/%3E%3Cb%3ENotice%3C/b%3E:%20%20Undefined%20variable:%20row%20in%20%3Cb%3EC:/xampp/htdocs/Dbmsproj/view1.php%3C/b%3E%20on%20line%20%3Cb%3E91%3C/b%3E%3Cbr%20/%3E HTTP/1.1 to file, referer: http://localhost:82/dbmsproj/view1.php
[Sun Nov 22 17:00:00.845053 2015] [core:error] [pid 604:tid 1708] (20024)The given path is misformatted or contained invalid characters: [client ::1:52806] AH00127: Cannot map GET /dbmsproj/%3Cbr%20/%3E%3Cb%3ENotice%3C/b%3E:%20%20Undefined%20variable:%20row%20in%20%3Cb%3EC:/xampp/htdocs/Dbmsproj/view1.php%3C/b%3E%20on%20line%20%3Cb%3E91%3C/b%3E%3Cbr%20/%3E HTTP/1.1 to file, referer: http://localhost:82/dbmsproj/view1.php
[Sun Nov 22 17:00:00.989062 2015] [core:error] [pid 604:tid 1708] (20024)The given path is misformatted or contained invalid characters: [client ::1:52806] AH00127: Cannot map GET /dbmsproj/%3Cbr%20/%3E%3Cb%3ENotice%3C/b%3E:%20%20Undefined%20variable:%20row%20in%20%3Cb%3EC:/xampp/htdocs/Dbmsproj/view1.php%3C/b%3E%20on%20line%20%3Cb%3E91%3C/b%3E%3Cbr%20/%3E HTTP/1.1 to file, referer: http://localhost:82/dbmsproj/view1.php
[Sun Nov 22 17:00:01.081068 2015] [core:error] [pid 604:tid 1708] (20024)The given path is misformatted or contained invalid characters: [client ::1:52806] AH00127: Cannot map GET /dbmsproj/%3Cbr%20/%3E%3Cb%3ENotice%3C/b%3E:%20%20Undefined%20variable:%20row%20in%20%3Cb%3EC:/xampp/htdocs/Dbmsproj/view1.php%3C/b%3E%20on%20line%20%3Cb%3E91%3C/b%3E%3Cbr%20/%3E HTTP/1.1 to file, referer: http://localhost:82/dbmsproj/view1.php
[Sun Nov 22 17:00:01.443685 2015] [core:error] [pid 604:tid 1708] (20024)The given path is misformatted or contained invalid characters: [client ::1:52806] AH00127: Cannot map GET /dbmsproj/%3Cbr%20/%3E%3Cb%3ENotice%3C/b%3E:%20%20Undefined%20variable:%20row%20in%20%3Cb%3EC:/xampp/htdocs/Dbmsproj/view1.php%3C/b%3E%20on%20line%20%3Cb%3E91%3C/b%3E%3Cbr%20/%3E HTTP/1.1 to file, referer: http://localhost:82/dbmsproj/view1.php
[Sun Nov 22 17:00:02.001441 2015] [core:error] [pid 604:tid 1708] (20024)The given path is misformatted or contained invalid characters: [client ::1:52806] AH00127: Cannot map GET /dbmsproj/%3Cbr%20/%3E%3Cb%3ENotice%3C/b%3E:%20%20Undefined%20variable:%20row%20in%20%3Cb%3EC:/xampp/htdocs/Dbmsproj/view1.php%3C/b%3E%20on%20line%20%3Cb%3E91%3C/b%3E%3Cbr%20/%3E HTTP/1.1 to file, referer: http://localhost:82/dbmsproj/view1.php
[Sun Nov 22 17:00:02.711246 2015] [core:error] [pid 604:tid 1708] (20024)The given path is misformatted or contained invalid characters: [client ::1:52806] AH00127: Cannot map GET /dbmsproj/%3Cbr%20/%3E%3Cb%3ENotice%3C/b%3E:%20%20Undefined%20variable:%20row%20in%20%3Cb%3EC:/xampp/htdocs/Dbmsproj/view1.php%3C/b%3E%20on%20line%20%3Cb%3E91%3C/b%3E%3Cbr%20/%3E HTTP/1.1 to file, referer: http://localhost:82/dbmsproj/view1.php
[Sun Nov 22 17:00:03.001620 2015] [core:error] [pid 604:tid 1708] (20024)The given path is misformatted or contained invalid characters: [client ::1:52806] AH00127: Cannot map GET /dbmsproj/%3Cbr%20/%3E%3Cb%3ENotice%3C/b%3E:%20%20Undefined%20variable:%20row%20in%20%3Cb%3EC:/xampp/htdocs/Dbmsproj/view1.php%3C/b%3E%20on%20line%20%3Cb%3E91%3C/b%3E%3Cbr%20/%3E HTTP/1.1 to file, referer: http://localhost:82/dbmsproj/view1.php
[Sun Nov 22 17:00:03.503840 2015] [core:error] [pid 604:tid 1728] (20024)The given path is misformatted or contained invalid characters: [client ::1:52811] AH00127: Cannot map GET /dbmsproj/%3Cbr%20/%3E%3Cb%3ENotice%3C/b%3E:%20%20Undefined%20variable:%20row%20in%20%3Cb%3EC:/xampp/htdocs/Dbmsproj/view1.php%3C/b%3E%20on%20line%20%3Cb%3E91%3C/b%3E%3Cbr%20/%3E HTTP/1.1 to file, referer: http://localhost:82/dbmsproj/view1.php
[Sun Nov 22 17:00:03.662749 2015] [core:error] [pid 604:tid 1716] (20024)The given path is misformatted or contained invalid characters: [client ::1:52813] AH00127: Cannot map GET /dbmsproj/%3Cbr%20/%3E%3Cb%3ENotice%3C/b%3E:%20%20Undefined%20variable:%20row%20in%20%3Cb%3EC:/xampp/htdocs/Dbmsproj/view1.php%3C/b%3E%20on%20line%20%3Cb%3E91%3C/b%3E%3Cbr%20/%3E HTTP/1.1 to file, referer: http://localhost:82/dbmsproj/view1.php
[Sun Nov 22 17:02:50.377100 2015] [core:error] [pid 604:tid 1628] (20024)The given path is misformatted or contained invalid characters: [client ::1:52847] AH00127: Cannot map GET /dbmsproj/%3Cbr%20/%3E%3Cb%3ENotice%3C/b%3E:%20%20Undefined%20variable:%20row%20in%20%3Cb%3EC:/xampp/htdocs/Dbmsproj/view1.php%3C/b%3E%20on%20line%20%3Cb%3E91%3C/b%3E%3Cbr%20/%3E HTTP/1.1 to file, referer: http://localhost:82/dbmsproj/view1.php
[Sun Nov 22 17:48:27.998339 2015] [ssl:warn] [pid 5172:tid 384] AH01909: www.example.com:444:0 server certificate does NOT include an ID which matches the server name
[Sun Nov 22 17:48:28.201520 2015] [core:warn] [pid 5172:tid 384] AH00098: pid file C:/xampp/apache/logs/httpd.pid overwritten -- Unclean shutdown of previous Apache run?
[Sun Nov 22 17:48:28.326467 2015] [ssl:warn] [pid 5172:tid 384] AH01909: www.example.com:444:0 server certificate does NOT include an ID which matches the server name
[Sun Nov 22 17:48:28.388970 2015] [mpm_winnt:notice] [pid 5172:tid 384] AH00455: Apache/2.4.17 (Win32) OpenSSL/1.0.2d PHP/5.6.14 configured -- resuming normal operations
[Sun Nov 22 17:48:28.388970 2015] [mpm_winnt:notice] [pid 5172:tid 384] AH00456: Apache Lounge VC11 Server built: Oct 13 2015 10:54:13
[Sun Nov 22 17:48:28.388970 2015] [core:notice] [pid 5172:tid 384] AH00094: Command line: 'c:\\xampp\\apache\\bin\\httpd.exe -d C:/xampp/apache'
[Sun Nov 22 17:48:28.404592 2015] [mpm_winnt:notice] [pid 5172:tid 384] AH00418: Parent: Created child process 2288
[Sun Nov 22 17:48:29.467125 2015] [ssl:warn] [pid 2288:tid 396] AH01909: www.example.com:444:0 server certificate does NOT include an ID which matches the server name
[Sun Nov 22 17:48:29.857736 2015] [ssl:warn] [pid 2288:tid 396] AH01909: www.example.com:444:0 server certificate does NOT include an ID which matches the server name
[Sun Nov 22 17:48:29.920233 2015] [mpm_winnt:notice] [pid 2288:tid 396] AH00354: Child: Starting 150 worker threads.
[Sun Nov 22 17:48:36.175056 2015] [core:error] [pid 2288:tid 1732] (20024)The given path is misformatted or contained invalid characters: [client ::1:53063] AH00127: Cannot map GET /dbmsproj/%3Cbr%20/%3E%3Cb%3ENotice%3C/b%3E:%20%20Undefined%20variable:%20row%20in%20%3Cb%3EC:/xampp/htdocs/Dbmsproj/view1.php%3C/b%3E%20on%20line%20%3Cb%3E91%3C/b%3E%3Cbr%20/%3E HTTP/1.1 to file, referer: http://localhost:82/dbmsproj/view1.php
[Mon Nov 23 09:18:49.238448 2015] [ssl:warn] [pid 8288:tid 588] AH01909: www.example.com:444:0 server certificate does NOT include an ID which matches the server name
[Mon Nov 23 09:18:49.863454 2015] [core:warn] [pid 8288:tid 588] AH00098: pid file C:/xampp/apache/logs/httpd.pid overwritten -- Unclean shutdown of previous Apache run?
[Mon Nov 23 09:18:50.082178 2015] [ssl:warn] [pid 8288:tid 588] AH01909: www.example.com:444:0 server certificate does NOT include an ID which matches the server name
[Mon Nov 23 09:18:54.722862 2015] [mpm_winnt:notice] [pid 8288:tid 588] AH00455: Apache/2.4.17 (Win32) OpenSSL/1.0.2d PHP/5.6.14 configured -- resuming normal operations
[Mon Nov 23 09:18:54.722862 2015] [mpm_winnt:notice] [pid 8288:tid 588] AH00456: Apache Lounge VC11 Server built: Oct 13 2015 10:54:13
[Mon Nov 23 09:18:54.722862 2015] [core:notice] [pid 8288:tid 588] AH00094: Command line: 'c:\\xampp\\apache\\bin\\httpd.exe -d C:/xampp/apache'
[Mon Nov 23 09:18:54.738485 2015] [mpm_winnt:notice] [pid 8288:tid 588] AH00418: Parent: Created child process 6416
[Mon Nov 23 09:18:55.769747 2015] [ssl:warn] [pid 6416:tid 584] AH01909: www.example.com:444:0 server certificate does NOT include an ID which matches the server name
[Mon Nov 23 09:18:56.035377 2015] [ssl:warn] [pid 6416:tid 584] AH01909: www.example.com:444:0 server certificate does NOT include an ID which matches the server name
[Mon Nov 23 09:18:56.254165 2015] [mpm_winnt:notice] [pid 6416:tid 584] AH00354: Child: Starting 150 worker threads.
[Mon Nov 23 09:22:36.001030 2015] [core:error] [pid 6416:tid 1852] (20024)The given path is misformatted or contained invalid characters: [client ::1:49705] AH00127: Cannot map GET /dbmsproj/%3Cbr%20/%3E%3Cb%3ENotice%3C/b%3E:%20%20Undefined%20variable:%20row%20in%20%3Cb%3EC:/xampp/htdocs/Dbmsproj/view1.php%3C/b%3E%20on%20line%20%3Cb%3E91%3C/b%3E%3Cbr%20/%3E HTTP/1.1 to file, referer: http://localhost:82/dbmsproj/view1.php
[Mon Nov 23 09:24:03.372450 2015] [core:error] [pid 6416:tid 1852] (20024)The given path is misformatted or contained invalid characters: [client ::1:49707] AH00127: Cannot map GET /dbmsproj/%3Cbr%20/%3E%3Cb%3ENotice%3C/b%3E:%20%20Undefined%20variable:%20row%20in%20%3Cb%3EC:/xampp/htdocs/Dbmsproj/view1.php%3C/b%3E%20on%20line%20%3Cb%3E91%3C/b%3E%3Cbr%20/%3E HTTP/1.1 to file, referer: http://localhost:82/dbmsproj/view1.php
[Mon Nov 23 09:25:16.743012 2015] [core:error] [pid 6416:tid 1848] (20024)The given path is misformatted or contained invalid characters: [client ::1:49714] AH00127: Cannot map GET /dbmsproj/%3Cbr%20/%3E%3Cb%3ENotice%3C/b%3E:%20%20Undefined%20variable:%20row%20in%20%3Cb%3EC:/xampp/htdocs/Dbmsproj/view1.php%3C/b%3E%20on%20line%20%3Cb%3E92%3C/b%3E%3Cbr%20/%3E HTTP/1.1 to file, referer: http://localhost:82/dbmsproj/view1.php
[Mon Nov 23 09:25:17.635328 2015] [core:error] [pid 6416:tid 1848] (20024)The given path is misformatted or contained invalid characters: [client ::1:49714] AH00127: Cannot map GET /dbmsproj/%3Cbr%20/%3E%3Cb%3ENotice%3C/b%3E:%20%20Undefined%20variable:%20row%20in%20%3Cb%3EC:/xampp/htdocs/Dbmsproj/view1.php%3C/b%3E%20on%20line%20%3Cb%3E92%3C/b%3E%3Cbr%20/%3E HTTP/1.1 to file, referer: http://localhost:82/dbmsproj/view1.php
[Mon Nov 23 09:25:53.637337 2015] [core:error] [pid 6416:tid 1840] (20024)The given path is misformatted or contained invalid characters: [client ::1:49717] AH00127: Cannot map GET /dbmsproj/%3Cbr%20/%3E%3Cb%3ENotice%3C/b%3E:%20%20Undefined%20variable:%20row%20in%20%3Cb%3EC:/xampp/htdocs/Dbmsproj/view1.php%3C/b%3E%20on%20line%20%3Cb%3E92%3C/b%3E%3Cbr%20/%3E HTTP/1.1 to file, referer: http://localhost:82/dbmsproj/view1.php
[Mon Nov 23 09:25:54.323082 2015] [core:error] [pid 6416:tid 1840] (20024)The given path is misformatted or contained invalid characters: [client ::1:49717] AH00127: Cannot map GET /dbmsproj/%3Cbr%20/%3E%3Cb%3ENotice%3C/b%3E:%20%20Undefined%20variable:%20row%20in%20%3Cb%3EC:/xampp/htdocs/Dbmsproj/view1.php%3C/b%3E%20on%20line%20%3Cb%3E92%3C/b%3E%3Cbr%20/%3E HTTP/1.1 to file, referer: http://localhost:82/dbmsproj/view1.php
[Mon Nov 23 09:25:55.085028 2015] [core:error] [pid 6416:tid 1840] (20024)The given path is misformatted or contained invalid characters: [client ::1:49717] AH00127: Cannot map GET /dbmsproj/%3Cbr%20/%3E%3Cb%3ENotice%3C/b%3E:%20%20Undefined%20variable:%20row%20in%20%3Cb%3EC:/xampp/htdocs/Dbmsproj/view1.php%3C/b%3E%20on%20line%20%3Cb%3E92%3C/b%3E%3Cbr%20/%3E HTTP/1.1 to file, referer: http://localhost:82/dbmsproj/view1.php
[Mon Nov 23 18:41:54.430697 2015] [ssl:warn] [pid 196:tid 508] AH01909: www.example.com:444:0 server certificate does NOT include an ID which matches the server name
[Mon Nov 23 18:41:54.680690 2015] [core:warn] [pid 196:tid 508] AH00098: pid file C:/xampp/apache/logs/httpd.pid overwritten -- Unclean shutdown of previous Apache run?
[Mon Nov 23 18:41:54.852565 2015] [ssl:warn] [pid 196:tid 508] AH01909: www.example.com:444:0 server certificate does NOT include an ID which matches the server name
[Mon Nov 23 18:41:55.149449 2015] [mpm_winnt:notice] [pid 196:tid 508] AH00455: Apache/2.4.17 (Win32) OpenSSL/1.0.2d PHP/5.6.14 configured -- resuming normal operations
[Mon Nov 23 18:41:55.149449 2015] [mpm_winnt:notice] [pid 196:tid 508] AH00456: Apache Lounge VC11 Server built: Oct 13 2015 10:54:13
[Mon Nov 23 18:41:55.149449 2015] [core:notice] [pid 196:tid 508] AH00094: Command line: 'c:\\xampp\\apache\\bin\\httpd.exe -d C:/xampp/apache'
[Mon Nov 23 18:41:55.211954 2015] [mpm_winnt:notice] [pid 196:tid 508] AH00418: Parent: Created child process 8924
[Mon Nov 23 18:41:56.055722 2015] [ssl:warn] [pid 8924:tid 544] AH01909: www.example.com:444:0 server certificate does NOT include an ID which matches the server name
[Mon Nov 23 18:41:56.352584 2015] [ssl:warn] [pid 8924:tid 544] AH01909: www.example.com:444:0 server certificate does NOT include an ID which matches the server name
[Mon Nov 23 18:41:56.883876 2015] [mpm_winnt:notice] [pid 8924:tid 544] AH00354: Child: Starting 150 worker threads.
[Mon Nov 23 21:07:11.741220 2015] [ssl:warn] [pid 4128:tid 512] AH01909: www.example.com:444:0 server certificate does NOT include an ID which matches the server name
[Mon Nov 23 21:07:11.892457 2015] [core:warn] [pid 4128:tid 512] AH00098: pid file C:/xampp/apache/logs/httpd.pid overwritten -- Unclean shutdown of previous Apache run?
[Mon Nov 23 21:07:12.062589 2015] [ssl:warn] [pid 4128:tid 512] AH01909: www.example.com:444:0 server certificate does NOT include an ID which matches the server name
[Mon Nov 23 21:07:12.147201 2015] [mpm_winnt:notice] [pid 4128:tid 512] AH00455: Apache/2.4.17 (Win32) OpenSSL/1.0.2d PHP/5.6.14 configured -- resuming normal operations
[Mon Nov 23 21:07:12.147201 2015] [mpm_winnt:notice] [pid 4128:tid 512] AH00456: Apache Lounge VC11 Server built: Oct 13 2015 10:54:13
[Mon Nov 23 21:07:12.147201 2015] [core:notice] [pid 4128:tid 512] AH00094: Command line: 'c:\\xampp\\apache\\bin\\httpd.exe -d C:/xampp/apache'
[Mon Nov 23 21:07:12.155710 2015] [mpm_winnt:notice] [pid 4128:tid 512] AH00418: Parent: Created child process 7080
[Mon Nov 23 21:07:12.991918 2015] [ssl:warn] [pid 7080:tid 520] AH01909: www.example.com:444:0 server certificate does NOT include an ID which matches the server name
[Mon Nov 23 21:07:13.249616 2015] [ssl:warn] [pid 7080:tid 520] AH01909: www.example.com:444:0 server certificate does NOT include an ID which matches the server name
[Mon Nov 23 21:07:13.320675 2015] [mpm_winnt:notice] [pid 7080:tid 520] AH00354: Child: Starting 150 worker threads.
[Mon Nov 23 23:53:18.353354 2015] [:error] [pid 7080:tid 1836] [client ::1:58806] script 'C:/xampp/htdocs/Dbmsproj/view.php' not found or unable to stat, referer: http://localhost:82/dbmsproj/view1.php
[Tue Nov 24 06:56:48.449005 2015] [ssl:warn] [pid 2988:tid 536] AH01909: www.example.com:444:0 server certificate does NOT include an ID which matches the server name
[Tue Nov 24 06:56:48.589685 2015] [core:warn] [pid 2988:tid 536] AH00098: pid file C:/xampp/apache/logs/httpd.pid overwritten -- Unclean shutdown of previous Apache run?
[Tue Nov 24 06:56:48.777132 2015] [ssl:warn] [pid 2988:tid 536] AH01909: www.example.com:444:0 server certificate does NOT include an ID which matches the server name
[Tue Nov 24 06:56:48.839634 2015] [mpm_winnt:notice] [pid 2988:tid 536] AH00455: Apache/2.4.17 (Win32) OpenSSL/1.0.2d PHP/5.6.14 configured -- resuming normal operations
[Tue Nov 24 06:56:48.839634 2015] [mpm_winnt:notice] [pid 2988:tid 536] AH00456: Apache Lounge VC11 Server built: Oct 13 2015 10:54:13
[Tue Nov 24 06:56:48.839634 2015] [core:notice] [pid 2988:tid 536] AH00094: Command line: 'c:\\xampp\\apache\\bin\\httpd.exe -d C:/xampp/apache'
[Tue Nov 24 06:56:48.839634 2015] [mpm_winnt:notice] [pid 2988:tid 536] AH00418: Parent: Created child process 1168
[Tue Nov 24 06:56:49.730268 2015] [ssl:warn] [pid 1168:tid 524] AH01909: www.example.com:444:0 server certificate does NOT include an ID which matches the server name
[Tue Nov 24 06:56:50.027149 2015] [ssl:warn] [pid 1168:tid 524] AH01909: www.example.com:444:0 server certificate does NOT include an ID which matches the server name
[Tue Nov 24 06:56:50.089648 2015] [mpm_winnt:notice] [pid 1168:tid 524] AH00354: Child: Starting 150 worker threads.
[Tue Nov 24 13:17:24.997762 2015] [ssl:warn] [pid 4156:tid 504] AH01909: www.example.com:444:0 server certificate does NOT include an ID which matches the server name
[Tue Nov 24 13:17:25.154071 2015] [core:warn] [pid 4156:tid 504] AH00098: pid file C:/xampp/apache/logs/httpd.pid overwritten -- Unclean shutdown of previous Apache run?
[Tue Nov 24 13:17:25.341515 2015] [ssl:warn] [pid 4156:tid 504] AH01909: www.example.com:444:0 server certificate does NOT include an ID which matches the server name
[Tue Nov 24 13:17:25.404016 2015] [mpm_winnt:notice] [pid 4156:tid 504] AH00455: Apache/2.4.17 (Win32) OpenSSL/1.0.2d PHP/5.6.14 configured -- resuming normal operations
[Tue Nov 24 13:17:25.404016 2015] [mpm_winnt:notice] [pid 4156:tid 504] AH00456: Apache Lounge VC11 Server built: Oct 13 2015 10:54:13
[Tue Nov 24 13:17:25.404016 2015] [core:notice] [pid 4156:tid 504] AH00094: Command line: 'c:\\xampp\\apache\\bin\\httpd.exe -d C:/xampp/apache'
[Tue Nov 24 13:17:25.404016 2015] [mpm_winnt:notice] [pid 4156:tid 504] AH00418: Parent: Created child process 3232
[Tue Nov 24 13:17:26.185275 2015] [ssl:warn] [pid 3232:tid 520] AH01909: www.example.com:444:0 server certificate does NOT include an ID which matches the server name
[Tue Nov 24 13:17:26.544659 2015] [ssl:warn] [pid 3232:tid 520] AH01909: www.example.com:444:0 server certificate does NOT include an ID which matches the server name
[Tue Nov 24 13:17:26.622803 2015] [mpm_winnt:notice] [pid 3232:tid 520] AH00354: Child: Starting 150 worker threads.
[Tue Nov 24 13:50:48.854496 2015] [ssl:warn] [pid 992:tid 504] AH01909: www.example.com:444:0 server certificate does NOT include an ID which matches the server name
[Tue Nov 24 13:50:49.026374 2015] [core:warn] [pid 992:tid 504] AH00098: pid file C:/xampp/apache/logs/httpd.pid overwritten -- Unclean shutdown of previous Apache run?
[Tue Nov 24 13:50:49.182624 2015] [ssl:warn] [pid 992:tid 504] AH01909: www.example.com:444:0 server certificate does NOT include an ID which matches the server name
[Tue Nov 24 13:50:49.276377 2015] [mpm_winnt:notice] [pid 992:tid 504] AH00455: Apache/2.4.17 (Win32) OpenSSL/1.0.2d PHP/5.6.14 configured -- resuming normal operations
[Tue Nov 24 13:50:49.276377 2015] [mpm_winnt:notice] [pid 992:tid 504] AH00456: Apache Lounge VC11 Server built: Oct 13 2015 10:54:13
[Tue Nov 24 13:50:49.276377 2015] [core:notice] [pid 992:tid 504] AH00094: Command line: 'c:\\xampp\\apache\\bin\\httpd.exe -d C:/xampp/apache'
[Tue Nov 24 13:50:49.276377 2015] [mpm_winnt:notice] [pid 992:tid 504] AH00418: Parent: Created child process 6416
[Tue Nov 24 13:50:50.522022 2015] [ssl:warn] [pid 6416:tid 532] AH01909: www.example.com:444:0 server certificate does NOT include an ID which matches the server name
[Tue Nov 24 13:50:50.838460 2015] [ssl:warn] [pid 6416:tid 532] AH01909: www.example.com:444:0 server certificate does NOT include an ID which matches the server name
[Tue Nov 24 13:50:50.923127 2015] [mpm_winnt:notice] [pid 6416:tid 532] AH00354: Child: Starting 150 worker threads.
[Tue Nov 24 18:21:19.993663 2015] [ssl:warn] [pid 3092:tid 540] AH01909: www.example.com:444:0 server certificate does NOT include an ID which matches the server name
[Tue Nov 24 18:21:20.147919 2015] [core:warn] [pid 3092:tid 540] AH00098: pid file C:/xampp/apache/logs/httpd.pid overwritten -- Unclean shutdown of previous Apache run?
[Tue Nov 24 18:21:20.310733 2015] [ssl:warn] [pid 3092:tid 540] AH01909: www.example.com:444:0 server certificate does NOT include an ID which matches the server name
[Tue Nov 24 18:21:20.379349 2015] [mpm_winnt:notice] [pid 3092:tid 540] AH00455: Apache/2.4.17 (Win32) OpenSSL/1.0.2d PHP/5.6.14 configured -- resuming normal operations
[Tue Nov 24 18:21:20.379349 2015] [mpm_winnt:notice] [pid 3092:tid 540] AH00456: Apache Lounge VC11 Server built: Oct 13 2015 10:54:13
[Tue Nov 24 18:21:20.379349 2015] [core:notice] [pid 3092:tid 540] AH00094: Command line: 'c:\\xampp\\apache\\bin\\httpd.exe -d C:/xampp/apache'
[Tue Nov 24 18:21:20.379349 2015] [mpm_winnt:notice] [pid 3092:tid 540] AH00418: Parent: Created child process 3760
[Tue Nov 24 18:21:21.429013 2015] [ssl:warn] [pid 3760:tid 540] AH01909: www.example.com:444:0 server certificate does NOT include an ID which matches the server name
[Tue Nov 24 18:21:21.729891 2015] [ssl:warn] [pid 3760:tid 540] AH01909: www.example.com:444:0 server certificate does NOT include an ID which matches the server name
[Tue Nov 24 18:21:21.798938 2015] [mpm_winnt:notice] [pid 3760:tid 540] AH00354: Child: Starting 150 worker threads.
[Tue Nov 24 19:55:29.747867 2015] [ssl:warn] [pid 10136:tid 504] AH01909: www.example.com:444:0 server certificate does NOT include an ID which matches the server name
[Tue Nov 24 19:55:29.919744 2015] [core:warn] [pid 10136:tid 504] AH00098: pid file C:/xampp/apache/logs/httpd.pid overwritten -- Unclean shutdown of previous Apache run?
[Tue Nov 24 19:55:30.091621 2015] [ssl:warn] [pid 10136:tid 504] AH01909: www.example.com:444:0 server certificate does NOT include an ID which matches the server name
[Tue Nov 24 19:55:30.154122 2015] [mpm_winnt:notice] [pid 10136:tid 504] AH00455: Apache/2.4.17 (Win32) OpenSSL/1.0.2d PHP/5.6.14 configured -- resuming normal operations
[Tue Nov 24 19:55:30.154122 2015] [mpm_winnt:notice] [pid 10136:tid 504] AH00456: Apache Lounge VC11 Server built: Oct 13 2015 10:54:13
[Tue Nov 24 19:55:30.154122 2015] [core:notice] [pid 10136:tid 504] AH00094: Command line: 'c:\\xampp\\apache\\bin\\httpd.exe -d C:/xampp/apache'
[Tue Nov 24 19:55:30.154122 2015] [mpm_winnt:notice] [pid 10136:tid 504] AH00418: Parent: Created child process 7532
[Tue Nov 24 19:55:30.872878 2015] [ssl:warn] [pid 7532:tid 472] AH01909: www.example.com:444:0 server certificate does NOT include an ID which matches the server name
[Tue Nov 24 19:55:31.263510 2015] [ssl:warn] [pid 7532:tid 472] AH01909: www.example.com:444:0 server certificate does NOT include an ID which matches the server name
[Tue Nov 24 19:55:31.341634 2015] [mpm_winnt:notice] [pid 7532:tid 472] AH00354: Child: Starting 150 worker threads.
[Tue Nov 24 21:11:36.482379 2015] [ssl:warn] [pid 6248:tid 544] AH01909: www.example.com:444:0 server certificate does NOT include an ID which matches the server name
[Tue Nov 24 21:11:37.873829 2015] [core:warn] [pid 6248:tid 544] AH00098: pid file C:/xampp/apache/logs/httpd.pid overwritten -- Unclean shutdown of previous Apache run?
[Tue Nov 24 21:11:38.238341 2015] [ssl:warn] [pid 6248:tid 544] AH01909: www.example.com:444:0 server certificate does NOT include an ID which matches the server name
[Tue Nov 24 21:11:38.327859 2015] [mpm_winnt:notice] [pid 6248:tid 544] AH00455: Apache/2.4.17 (Win32) OpenSSL/1.0.2d PHP/5.6.14 configured -- resuming normal operations
[Tue Nov 24 21:11:38.327859 2015] [mpm_winnt:notice] [pid 6248:tid 544] AH00456: Apache Lounge VC11 Server built: Oct 13 2015 10:54:13
[Tue Nov 24 21:11:38.327859 2015] [core:notice] [pid 6248:tid 544] AH00094: Command line: 'c:\\xampp\\apache\\bin\\httpd.exe -d C:/xampp/apache'
[Tue Nov 24 21:11:38.343485 2015] [mpm_winnt:notice] [pid 6248:tid 544] AH00418: Parent: Created child process 4568
[Tue Nov 24 21:11:39.719399 2015] [ssl:warn] [pid 4568:tid 516] AH01909: www.example.com:444:0 server certificate does NOT include an ID which matches the server name
[Tue Nov 24 21:11:40.120442 2015] [ssl:warn] [pid 4568:tid 516] AH01909: www.example.com:444:0 server certificate does NOT include an ID which matches the server name
[Tue Nov 24 21:11:40.223837 2015] [mpm_winnt:notice] [pid 4568:tid 516] AH00354: Child: Starting 150 worker threads.
[Wed Nov 25 11:48:07.991554 2015] [ssl:warn] [pid 7980:tid 504] AH01909: www.example.com:444:0 server certificate does NOT include an ID which matches the server name
[Wed Nov 25 11:48:08.379977 2015] [core:warn] [pid 7980:tid 504] AH00098: pid file C:/xampp/apache/logs/httpd.pid overwritten -- Unclean shutdown of previous Apache run?
[Wed Nov 25 11:48:08.609069 2015] [ssl:warn] [pid 7980:tid 504] AH01909: www.example.com:444:0 server certificate does NOT include an ID which matches the server name
[Wed Nov 25 11:48:08.686359 2015] [mpm_winnt:notice] [pid 7980:tid 504] AH00455: Apache/2.4.17 (Win32) OpenSSL/1.0.2d PHP/5.6.14 configured -- resuming normal operations
[Wed Nov 25 11:48:08.686859 2015] [mpm_winnt:notice] [pid 7980:tid 504] AH00456: Apache Lounge VC11 Server built: Oct 13 2015 10:54:13
[Wed Nov 25 11:48:08.686859 2015] [core:notice] [pid 7980:tid 504] AH00094: Command line: 'c:\\xampp\\apache\\bin\\httpd.exe -d C:/xampp/apache'
[Wed Nov 25 11:48:08.692706 2015] [mpm_winnt:notice] [pid 7980:tid 504] AH00418: Parent: Created child process 7448
[Wed Nov 25 11:48:09.549502 2015] [ssl:warn] [pid 7448:tid 564] AH01909: www.example.com:444:0 server certificate does NOT include an ID which matches the server name
[Wed Nov 25 11:48:09.997813 2015] [ssl:warn] [pid 7448:tid 564] AH01909: www.example.com:444:0 server certificate does NOT include an ID which matches the server name
[Wed Nov 25 11:48:10.073821 2015] [mpm_winnt:notice] [pid 7448:tid 564] AH00354: Child: Starting 150 worker threads.
[Thu Nov 26 15:06:17.664698 2015] [ssl:warn] [pid 6740:tid 504] AH01909: www.example.com:444:0 server certificate does NOT include an ID which matches the server name
[Thu Nov 26 15:06:17.827203 2015] [core:warn] [pid 6740:tid 504] AH00098: pid file C:/xampp/apache/logs/httpd.pid overwritten -- Unclean shutdown of previous Apache run?
[Thu Nov 26 15:06:17.980433 2015] [ssl:warn] [pid 6740:tid 504] AH01909: www.example.com:444:0 server certificate does NOT include an ID which matches the server name
[Thu Nov 26 15:06:18.042932 2015] [mpm_winnt:notice] [pid 6740:tid 504] AH00455: Apache/2.4.17 (Win32) OpenSSL/1.0.2d PHP/5.6.14 configured -- resuming normal operations
[Thu Nov 26 15:06:18.042932 2015] [mpm_winnt:notice] [pid 6740:tid 504] AH00456: Apache Lounge VC11 Server built: Oct 13 2015 10:54:13
[Thu Nov 26 15:06:18.042932 2015] [core:notice] [pid 6740:tid 504] AH00094: Command line: 'c:\\xampp\\apache\\bin\\httpd.exe -d C:/xampp/apache'
[Thu Nov 26 15:06:18.062301 2015] [mpm_winnt:notice] [pid 6740:tid 504] AH00418: Parent: Created child process 5660
[Thu Nov 26 15:06:18.862530 2015] [ssl:warn] [pid 5660:tid 512] AH01909: www.example.com:444:0 server certificate does NOT include an ID which matches the server name
[Thu Nov 26 15:06:19.132087 2015] [ssl:warn] [pid 5660:tid 512] AH01909: www.example.com:444:0 server certificate does NOT include an ID which matches the server name
[Thu Nov 26 15:06:19.194605 2015] [mpm_winnt:notice] [pid 5660:tid 512] AH00354: Child: Starting 150 worker threads.
[Fri Nov 27 22:01:38.344094 2015] [ssl:warn] [pid 2644:tid 516] AH01909: www.example.com:444:0 server certificate does NOT include an ID which matches the server name
[Fri Nov 27 22:01:38.880813 2015] [core:warn] [pid 2644:tid 516] AH00098: pid file C:/xampp/apache/logs/httpd.pid overwritten -- Unclean shutdown of previous Apache run?
[Fri Nov 27 22:01:39.068720 2015] [ssl:warn] [pid 2644:tid 516] AH01909: www.example.com:444:0 server certificate does NOT include an ID which matches the server name
[Fri Nov 27 22:01:40.329821 2015] [mpm_winnt:notice] [pid 2644:tid 516] AH00455: Apache/2.4.17 (Win32) OpenSSL/1.0.2d PHP/5.6.14 configured -- resuming normal operations
[Fri Nov 27 22:01:40.329821 2015] [mpm_winnt:notice] [pid 2644:tid 516] AH00456: Apache Lounge VC11 Server built: Oct 13 2015 10:54:13
[Fri Nov 27 22:01:40.329821 2015] [core:notice] [pid 2644:tid 516] AH00094: Command line: 'c:\\xampp\\apache\\bin\\httpd.exe -d C:/xampp/apache'
[Fri Nov 27 22:01:40.332828 2015] [mpm_winnt:notice] [pid 2644:tid 516] AH00418: Parent: Created child process 7604
[Fri Nov 27 22:01:41.150418 2015] [ssl:warn] [pid 7604:tid 552] AH01909: www.example.com:444:0 server certificate does NOT include an ID which matches the server name
[Fri Nov 27 22:01:41.438942 2015] [ssl:warn] [pid 7604:tid 552] AH01909: www.example.com:444:0 server certificate does NOT include an ID which matches the server name
[Fri Nov 27 22:01:41.489999 2015] [mpm_winnt:notice] [pid 7604:tid 552] AH00354: Child: Starting 150 worker threads.
[Sat Nov 28 12:18:14.167752 2015] [ssl:warn] [pid 6388:tid 504] AH01909: www.example.com:444:0 server certificate does NOT include an ID which matches the server name
[Sat Nov 28 12:18:14.405346 2015] [core:warn] [pid 6388:tid 504] AH00098: pid file C:/xampp/apache/logs/httpd.pid overwritten -- Unclean shutdown of previous Apache run?
[Sat Nov 28 12:18:14.584245 2015] [ssl:warn] [pid 6388:tid 504] AH01909: www.example.com:444:0 server certificate does NOT include an ID which matches the server name
[Sat Nov 28 12:18:15.324039 2015] [mpm_winnt:notice] [pid 6388:tid 504] AH00455: Apache/2.4.17 (Win32) OpenSSL/1.0.2d PHP/5.6.14 configured -- resuming normal operations
[Sat Nov 28 12:18:15.324039 2015] [mpm_winnt:notice] [pid 6388:tid 504] AH00456: Apache Lounge VC11 Server built: Oct 13 2015 10:54:13
[Sat Nov 28 12:18:15.324039 2015] [core:notice] [pid 6388:tid 504] AH00094: Command line: 'c:\\xampp\\apache\\bin\\httpd.exe -d C:/xampp/apache'
[Sat Nov 28 12:18:15.324039 2015] [mpm_winnt:notice] [pid 6388:tid 504] AH00418: Parent: Created child process 7376
[Sat Nov 28 12:18:16.186566 2015] [ssl:warn] [pid 7376:tid 516] AH01909: www.example.com:444:0 server certificate does NOT include an ID which matches the server name
[Sat Nov 28 12:18:16.423238 2015] [ssl:warn] [pid 7376:tid 516] AH01909: www.example.com:444:0 server certificate does NOT include an ID which matches the server name
[Sat Nov 28 12:18:16.470117 2015] [mpm_winnt:notice] [pid 7376:tid 516] AH00354: Child: Starting 150 worker threads.
[Sat Nov 28 13:53:49.306112 2015] [ssl:warn] [pid 6320:tid 488] AH01909: www.example.com:444:0 server certificate does NOT include an ID which matches the server name
[Sat Nov 28 13:53:49.475472 2015] [core:warn] [pid 6320:tid 488] AH00098: pid file C:/xampp/apache/logs/httpd.pid overwritten -- Unclean shutdown of previous Apache run?
[Sat Nov 28 13:53:49.660320 2015] [ssl:warn] [pid 6320:tid 488] AH01909: www.example.com:444:0 server certificate does NOT include an ID which matches the server name
[Sat Nov 28 13:53:50.462071 2015] [mpm_winnt:notice] [pid 6320:tid 488] AH00455: Apache/2.4.17 (Win32) OpenSSL/1.0.2d PHP/5.6.14 configured -- resuming normal operations
[Sat Nov 28 13:53:50.462071 2015] [mpm_winnt:notice] [pid 6320:tid 488] AH00456: Apache Lounge VC11 Server built: Oct 13 2015 10:54:13
[Sat Nov 28 13:53:50.462071 2015] [core:notice] [pid 6320:tid 488] AH00094: Command line: 'c:\\xampp\\apache\\bin\\httpd.exe -d C:/xampp/apache'
[Sat Nov 28 13:53:50.462071 2015] [mpm_winnt:notice] [pid 6320:tid 488] AH00418: Parent: Created child process 4744
[Sat Nov 28 13:53:51.159521 2015] [ssl:warn] [pid 4744:tid 528] AH01909: www.example.com:444:0 server certificate does NOT include an ID which matches the server name
[Sat Nov 28 13:53:51.458372 2015] [ssl:warn] [pid 4744:tid 528] AH01909: www.example.com:444:0 server certificate does NOT include an ID which matches the server name
[Sat Nov 28 13:53:51.510753 2015] [mpm_winnt:notice] [pid 4744:tid 528] AH00354: Child: Starting 150 worker threads.
[Sat Nov 28 22:20:24.303378 2015] [ssl:warn] [pid 4788:tid 492] AH01909: www.example.com:444:0 server certificate does NOT include an ID which matches the server name
[Sat Nov 28 22:20:24.494164 2015] [core:warn] [pid 4788:tid 492] AH00098: pid file C:/xampp/apache/logs/httpd.pid overwritten -- Unclean shutdown of previous Apache run?
[Sat Nov 28 22:20:24.679729 2015] [ssl:warn] [pid 4788:tid 492] AH01909: www.example.com:444:0 server certificate does NOT include an ID which matches the server name
[Sat Nov 28 22:20:25.610522 2015] [mpm_winnt:notice] [pid 4788:tid 492] AH00455: Apache/2.4.17 (Win32) OpenSSL/1.0.2d PHP/5.6.14 configured -- resuming normal operations
[Sat Nov 28 22:20:25.610522 2015] [mpm_winnt:notice] [pid 4788:tid 492] AH00456: Apache Lounge VC11 Server built: Oct 13 2015 10:54:13
[Sat Nov 28 22:20:25.610522 2015] [core:notice] [pid 4788:tid 492] AH00094: Command line: 'c:\\xampp\\apache\\bin\\httpd.exe -d C:/xampp/apache'
[Sat Nov 28 22:20:25.612509 2015] [mpm_winnt:notice] [pid 4788:tid 492] AH00418: Parent: Created child process 180
[Sat Nov 28 22:20:26.359036 2015] [ssl:warn] [pid 180:tid 548] AH01909: www.example.com:444:0 server certificate does NOT include an ID which matches the server name
[Sat Nov 28 22:20:26.687767 2015] [ssl:warn] [pid 180:tid 548] AH01909: www.example.com:444:0 server certificate does NOT include an ID which matches the server name
[Sat Nov 28 22:20:26.736921 2015] [mpm_winnt:notice] [pid 180:tid 548] AH00354: Child: Starting 150 worker threads.
[Sun Nov 29 08:48:06.436609 2015] [ssl:warn] [pid 6276:tid 516] AH01909: www.example.com:444:0 server certificate does NOT include an ID which matches the server name
[Sun Nov 29 08:48:06.592704 2015] [core:warn] [pid 6276:tid 516] AH00098: pid file C:/xampp/apache/logs/httpd.pid overwritten -- Unclean shutdown of previous Apache run?
[Sun Nov 29 08:48:06.758828 2015] [ssl:warn] [pid 6276:tid 516] AH01909: www.example.com:444:0 server certificate does NOT include an ID which matches the server name
[Sun Nov 29 08:48:08.272561 2015] [mpm_winnt:notice] [pid 6276:tid 516] AH00455: Apache/2.4.17 (Win32) OpenSSL/1.0.2d PHP/5.6.14 configured -- resuming normal operations
[Sun Nov 29 08:48:08.272561 2015] [mpm_winnt:notice] [pid 6276:tid 516] AH00456: Apache Lounge VC11 Server built: Oct 13 2015 10:54:13
[Sun Nov 29 08:48:08.272561 2015] [core:notice] [pid 6276:tid 516] AH00094: Command line: 'c:\\xampp\\apache\\bin\\httpd.exe -d C:/xampp/apache'
[Sun Nov 29 08:48:08.274563 2015] [mpm_winnt:notice] [pid 6276:tid 516] AH00418: Parent: Created child process 1928
[Sun Nov 29 08:48:08.971927 2015] [ssl:warn] [pid 1928:tid 456] AH01909: www.example.com:444:0 server certificate does NOT include an ID which matches the server name
[Sun Nov 29 08:48:09.225654 2015] [ssl:warn] [pid 1928:tid 456] AH01909: www.example.com:444:0 server certificate does NOT include an ID which matches the server name
[Sun Nov 29 08:48:09.275895 2015] [mpm_winnt:notice] [pid 1928:tid 456] AH00354: Child: Starting 150 worker threads.
[Sun Nov 29 11:03:51.312811 2015] [ssl:warn] [pid 8280:tid 512] AH01909: www.example.com:444:0 server certificate does NOT include an ID which matches the server name
[Sun Nov 29 11:03:51.559205 2015] [core:warn] [pid 8280:tid 512] AH00098: pid file C:/xampp/apache/logs/httpd.pid overwritten -- Unclean shutdown of previous Apache run?
[Sun Nov 29 11:03:51.775324 2015] [ssl:warn] [pid 8280:tid 512] AH01909: www.example.com:444:0 server certificate does NOT include an ID which matches the server name
[Sun Nov 29 11:03:52.813639 2015] [mpm_winnt:notice] [pid 8280:tid 512] AH00455: Apache/2.4.17 (Win32) OpenSSL/1.0.2d PHP/5.6.14 configured -- resuming normal operations
[Sun Nov 29 11:03:52.813639 2015] [mpm_winnt:notice] [pid 8280:tid 512] AH00456: Apache Lounge VC11 Server built: Oct 13 2015 10:54:13
[Sun Nov 29 11:03:52.813639 2015] [core:notice] [pid 8280:tid 512] AH00094: Command line: 'c:\\xampp\\apache\\bin\\httpd.exe -d C:/xampp/apache'
[Sun Nov 29 11:03:52.813639 2015] [mpm_winnt:notice] [pid 8280:tid 512] AH00418: Parent: Created child process 8960
[Sun Nov 29 11:03:53.647884 2015] [ssl:warn] [pid 8960:tid 516] AH01909: www.example.com:444:0 server certificate does NOT include an ID which matches the server name
[Sun Nov 29 11:03:53.864057 2015] [ssl:warn] [pid 8960:tid 516] AH01909: www.example.com:444:0 server certificate does NOT include an ID which matches the server name
[Sun Nov 29 11:03:53.917437 2015] [mpm_winnt:notice] [pid 8960:tid 516] AH00354: Child: Starting 150 worker threads.
[Sun Nov 29 18:15:36.621035 2015] [ssl:warn] [pid 7396:tid 508] AH01909: www.example.com:444:0 server certificate does NOT include an ID which matches the server name
[Sun Nov 29 18:15:36.761273 2015] [core:warn] [pid 7396:tid 508] AH00098: pid file C:/xampp/apache/logs/httpd.pid overwritten -- Unclean shutdown of previous Apache run?
[Sun Nov 29 18:15:36.912025 2015] [ssl:warn] [pid 7396:tid 508] AH01909: www.example.com:444:0 server certificate does NOT include an ID which matches the server name
[Sun Nov 29 18:15:37.934521 2015] [mpm_winnt:notice] [pid 7396:tid 508] AH00455: Apache/2.4.17 (Win32) OpenSSL/1.0.2d PHP/5.6.14 configured -- resuming normal operations
[Sun Nov 29 18:15:37.934521 2015] [mpm_winnt:notice] [pid 7396:tid 508] AH00456: Apache Lounge VC11 Server built: Oct 13 2015 10:54:13
[Sun Nov 29 18:15:37.934521 2015] [core:notice] [pid 7396:tid 508] AH00094: Command line: 'c:\\xampp\\apache\\bin\\httpd.exe -d C:/xampp/apache'
[Sun Nov 29 18:15:37.934521 2015] [mpm_winnt:notice] [pid 7396:tid 508] AH00418: Parent: Created child process 9732
[Sun Nov 29 18:15:38.684634 2015] [ssl:warn] [pid 9732:tid 512] AH01909: www.example.com:444:0 server certificate does NOT include an ID which matches the server name
[Sun Nov 29 18:15:38.933044 2015] [ssl:warn] [pid 9732:tid 512] AH01909: www.example.com:444:0 server certificate does NOT include an ID which matches the server name
[Sun Nov 29 18:15:38.985444 2015] [mpm_winnt:notice] [pid 9732:tid 512] AH00354: Child: Starting 150 worker threads.
[Mon Nov 30 11:42:59.831831 2015] [ssl:warn] [pid 9036:tid 524] AH01909: www.example.com:444:0 server certificate does NOT include an ID which matches the server name
[Mon Nov 30 11:43:00.844150 2015] [core:warn] [pid 9036:tid 524] AH00098: pid file C:/xampp/apache/logs/httpd.pid overwritten -- Unclean shutdown of previous Apache run?
[Mon Nov 30 11:43:01.087997 2015] [ssl:warn] [pid 9036:tid 524] AH01909: www.example.com:444:0 server certificate does NOT include an ID which matches the server name
[Mon Nov 30 11:43:05.075961 2015] [mpm_winnt:notice] [pid 9036:tid 524] AH00455: Apache/2.4.17 (Win32) OpenSSL/1.0.2d PHP/5.6.14 configured -- resuming normal operations
[Mon Nov 30 11:43:05.075961 2015] [mpm_winnt:notice] [pid 9036:tid 524] AH00456: Apache Lounge VC11 Server built: Oct 13 2015 10:54:13
[Mon Nov 30 11:43:05.075961 2015] [core:notice] [pid 9036:tid 524] AH00094: Command line: 'c:\\xampp\\apache\\bin\\httpd.exe -d C:/xampp/apache'
[Mon Nov 30 11:43:05.079961 2015] [mpm_winnt:notice] [pid 9036:tid 524] AH00418: Parent: Created child process 8240
[Mon Nov 30 11:43:06.135854 2015] [ssl:warn] [pid 8240:tid 540] AH01909: www.example.com:444:0 server certificate does NOT include an ID which matches the server name
[Mon Nov 30 11:43:06.661408 2015] [ssl:warn] [pid 8240:tid 540] AH01909: www.example.com:444:0 server certificate does NOT include an ID which matches the server name
[Mon Nov 30 11:43:06.713411 2015] [mpm_winnt:notice] [pid 8240:tid 540] AH00354: Child: Starting 150 worker threads.
[Mon Nov 30 20:17:49.406357 2015] [ssl:warn] [pid 11624:tid 508] AH01909: www.example.com:444:0 server certificate does NOT include an ID which matches the server name
[Mon Nov 30 20:17:49.833666 2015] [core:warn] [pid 11624:tid 508] AH00098: pid file C:/xampp/apache/logs/httpd.pid overwritten -- Unclean shutdown of previous Apache run?
[Mon Nov 30 20:17:50.013722 2015] [ssl:warn] [pid 11624:tid 508] AH01909: www.example.com:444:0 server certificate does NOT include an ID which matches the server name
[Mon Nov 30 20:17:50.891440 2015] [mpm_winnt:notice] [pid 11624:tid 508] AH00455: Apache/2.4.17 (Win32) OpenSSL/1.0.2d PHP/5.6.14 configured -- resuming normal operations
[Mon Nov 30 20:17:50.891940 2015] [mpm_winnt:notice] [pid 11624:tid 508] AH00456: Apache Lounge VC11 Server built: Oct 13 2015 10:54:13
[Mon Nov 30 20:17:50.891940 2015] [core:notice] [pid 11624:tid 508] AH00094: Command line: 'c:\\xampp\\apache\\bin\\httpd.exe -d C:/xampp/apache'
[Mon Nov 30 20:17:50.894442 2015] [mpm_winnt:notice] [pid 11624:tid 508] AH00418: Parent: Created child process 6508
[Mon Nov 30 20:17:51.942050 2015] [ssl:warn] [pid 6508:tid 568] AH01909: www.example.com:444:0 server certificate does NOT include an ID which matches the server name
[Mon Nov 30 20:17:52.396325 2015] [ssl:warn] [pid 6508:tid 568] AH01909: www.example.com:444:0 server certificate does NOT include an ID which matches the server name
[Mon Nov 30 20:17:52.478835 2015] [mpm_winnt:notice] [pid 6508:tid 568] AH00354: Child: Starting 150 worker threads.
